mktextfm cmsy12
mktextfm nullfont
mktextfm cmsy12
mktextfm nullfont
mktextfm ptmr7t
mktextfm ptmr7t
mktextfm ptmr7t
mktextfm ptmr7t
mktextfm ptmr7t
mktextfm ptmr7t
mktextfm ptmr7t
mktextfm phvr7t
mktextfm phvb7t
mktextfm nullfont
mktextfm zptmcmr
mktextfm zptmcmr
mktextfm zptmcmr
mktextfm zptmcmrm
mktextfm zptmcmrm
mktextfm zptmcmrm
mktextfm zpzccmry
mktextfm zpzccmry
mktextfm zpzccmry
mktextfm zpsycmrv
mktextfm zpsycmrv
mktextfm zpsycmrv
mktextfm ptmb7t
mktextfm nullfont
mktextfm ptmb7t
mktextfm nullfont
mktextfm ptmb7t
mktextfm nullfont
mktextfm ptmri7t
mktextfm ptmri7t
mktextfm ptmri7t
mktextfm phvr7t
mktextfm phvb7t
mktextfm nullfont
mktextfm phvro7t
mktextfm nullfont
mktextfm phvr7t
mktextfm phvb7t
mktextfm nullfont
mktextfm phvr7t
mktextfm phvr7t
mktextfm phvb7t
mktextfm nullfont
mktextfm pcrb7t
mktextfm nullfont
mktextfm psyr
mktextfm pcrro7t
mktextfm nullfont
mktextfm phvr7t
mktextfm phvb7t
mktextfm nullfont
mktextfm psyr
